#
# There is insufficient memory for the Java Runtime Environment to continue.
# Native memory allocation (malloc) failed to allocate 1048576 bytes for AllocateHeap
# Possible reasons:
#   The system is out of physical RAM or swap space
#   In 32 bit mode, the process size limit was hit
# Possible solutions:
#   Reduce memory load on the system
#   Increase physical memory or swap space
#   Check if swap backing store is full
#   Use 64 bit Java on a 64 bit OS
#   Decrease Java heap size (-Xmx/-Xms)
#   Decrease number of Java threads
#   Decrease Java thread stack sizes (-Xss)
#   Set larger code cache with -XX:ReservedCodeCacheSize=
# This output file may be truncated or incomplete.
#
#  Out of Memory Error (memory/allocation.inline.hpp:61), pid=83344, tid=0x0000000000014aa0
#
# JRE version:  (8.0_111-b14) (build )
# Java VM: Java HotSpot(TM) 64-Bit Server VM (25.111-b14 mixed mode windows-amd64 compressed oops)
# Failed to write core dump. Minidumps are not enabled by default on client versions of Windows
#

---------------  T H R E A D  ---------------

Current thread (0x000000000291e000):  JavaThread "Unknown thread" [_thread_in_vm, id=84640, stack(0x0000000002720000,0x0000000002820000)]

Stack: [0x0000000002720000,0x0000000002820000]
[error occurred during error reporting (printing stack bounds), id 0xc0000005]

Native frames: (J=compiled Java code, j=interpreted, Vv=VM code, C=native code)


---------------  P R O C E S S  ---------------

Java Threads: ( => current thread )

Other Threads:

=>0x000000000291e000 (exited) JavaThread "Unknown thread" [_thread_in_vm, id=84640, stack(0x0000000002720000,0x0000000002820000)]

VM state:not at safepoint (normal execution)

VM Mutex/Monitor currently owned by a thread: None

Heap:
 PSYoungGen      total 37888K, used 655K [0x00000000d6500000, 0x00000000d8f00000, 0x0000000100000000)
  eden space 32768K, 2% used [0x00000000d6500000,0x00000000d65a3d80,0x00000000d8500000)
  from space 5120K, 0% used [0x00000000d8a00000,0x00000000d8a00000,0x00000000d8f00000)
  to   space 5120K, 0% used [0x00000000d8500000,0x00000000d8500000,0x00000000d8a00000)
 ParOldGen       total 86016K, used 0K [0x0000000082e00000, 0x0000000088200000, 0x00000000d6500000)
  object space 86016K, 0% used [0x0000000082e00000,0x0000000082e00000,0x0000000088200000)
 Metaspace       used 770K, capacity 4480K, committed 4480K, reserved 1056768K
  class space    used 75K, capacity 384K, committed 384K, reserved 1048576K

Card table byte_map: [0x0000000011de0000,0x00000000121d0000] byte_map_base: 0x00000000119c9000

Marking Bits: (ParMarkBitMap*) 0x000000005e62a6c0
 Begin Bits: [0x0000000012870000, 0x00000000147b8000)
 End Bits:   [0x00000000147b8000, 0x0000000016700000)

Polling page: 0x0000000000c50000

CodeCache: size=245760Kb used=328Kb max_used=328Kb free=245431Kb
 bounds [0x0000000002a20000, 0x0000000002c90000, 0x0000000011a20000]
 total_blobs=58 nmethods=0 adapters=38
 compilation: enabled

Compilation events (0 events):
No events

GC Heap History (0 events):
No events

Deoptimization events (0 events):
No events

Internal exceptions (0 events):
No events

Events (10 events):
Event: 0.044 loading class java/lang/Short
Event: 0.044 loading class java/lang/Short done
Event: 0.044 loading class java/lang/Integer
Event: 0.044 loading class java/lang/Integer done
Event: 0.044 loading class java/lang/Long
Event: 0.044 loading class java/lang/Long done
Event: 0.045 loading class java/lang/NullPointerException
Event: 0.045 loading class java/lang/NullPointerException done
Event: 0.045 loading class java/lang/ArithmeticException
Event: 0.046 loading class java/lang/ArithmeticException done


Dynamic libraries:
0x00007ff6c4390000 - 0x00007ff6c43c7000 	C:\Program Files\Java\jdk1.8.0_111\jre\bin\java.exe
0x00007ff8bca60000 - 0x00007ff8bcc31000 	C:\Windows\SYSTEM32\ntdll.dll
0x00007ff8ba160000 - 0x00007ff8ba20c000 	C:\Windows\System32\KERNEL32.DLL
0x00007ff8b9a90000 - 0x00007ff8b9cad000 	C:\Windows\System32\KERNELBASE.dll
0x00007ff8ba600000 - 0x00007ff8ba6a2000 	C:\Windows\System32\ADVAPI32.dll
0x00007ff8bc380000 - 0x00007ff8bc41e000 	C:\Windows\System32\msvcrt.dll
0x00007ff8bc2d0000 - 0x00007ff8bc329000 	C:\Windows\System32\sechost.dll
0x00007ff8baae0000 - 0x00007ff8bac01000 	C:\Windows\System32\RPCRT4.dll
0x00007ff8ba370000 - 0x00007ff8ba4d5000 	C:\Windows\System32\USER32.dll
0x00007ff8b9110000 - 0x00007ff8b912e000 	C:\Windows\System32\win32u.dll
0x00007ff8bc330000 - 0x00007ff8bc364000 	C:\Windows\System32\GDI32.dll
0x00007ff8b9910000 - 0x00007ff8b9a90000 	C:\Windows\System32\gdi32full.dll
0x00007ff8ae290000 - 0x00007ff8ae50a000 	C:\Windows\WinSxS\amd64_microsoft.windows.common-controls_6595b64144ccf1df_6.0.14393.953_none_42151e83c686086b\COMCTL32.dll
0x00007ff8bc530000 - 0x00007ff8bc7f8000 	C:\Windows\System32\combase.dll
0x00007ff8b8f60000 - 0x00007ff8b9055000 	C:\Windows\System32\ucrtbase.dll
0x00007ff8b9cb0000 - 0x00007ff8b9d1a000 	C:\Windows\System32\bcryptPrimitives.dll
0x00007ff8bc4e0000 - 0x00007ff8bc50e000 	C:\Windows\System32\IMM32.DLL
0x00007ff8b8dd0000 - 0x00007ff8b8e07000 	C:\Windows\system32\DriverStore\FileRepository\nvaci.inf_amd64_63178a18623e9325\nvinitx.dll
0x00007ff8b8dc0000 - 0x00007ff8b8dca000 	C:\Windows\SYSTEM32\VERSION.dll
0x00007ff8bac80000 - 0x00007ff8bc188000 	C:\Windows\System32\Shell32.dll
0x00007ff8b9d20000 - 0x00007ff8b9d62000 	C:\Windows\System32\cfgmgr32.dll
0x00007ff8b9130000 - 0x00007ff8b980a000 	C:\Windows\System32\windows.storage.dll
0x00007ff8b8ee0000 - 0x00007ff8b8f2c000 	C:\Windows\System32\powrprof.dll
0x00007ff8ba0f0000 - 0x00007ff8ba142000 	C:\Windows\System32\shlwapi.dll
0x00007ff8b8ed0000 - 0x00007ff8b8edf000 	C:\Windows\System32\kernel.appcore.dll
0x00007ff8b9060000 - 0x00007ff8b9109000 	C:\Windows\System32\shcore.dll
0x00007ff8b8f40000 - 0x00007ff8b8f54000 	C:\Windows\System32\profapi.dll
0x000000005fc70000 - 0x000000005fc76000 	C:\Program Files\NVIDIA Corporation\CoProcManager\_etoured.dll
0x00007ff8b2c90000 - 0x00007ff8b2cd4000 	C:\Program Files\NVIDIA Corporation\CoProcManager\nvd3d9wrapx.dll
0x00007ff8ba6b0000 - 0x00007ff8baad9000 	C:\Windows\System32\SETUPAPI.dll
0x00007ff8b2c60000 - 0x00007ff8b2c8e000 	C:\Program Files\NVIDIA Corporation\CoProcManager\nvdxgiwrapx.dll
0x000000005dd30000 - 0x000000005de02000 	C:\Program Files\Java\jdk1.8.0_111\jre\bin\msvcr100.dll
0x000000005de10000 - 0x000000005e6aa000 	C:\Program Files\Java\jdk1.8.0_111\jre\bin\server\jvm.dll
0x00007ff8ba4e0000 - 0x00007ff8ba4e8000 	C:\Windows\System32\PSAPI.DLL
0x00007ff8b6dc0000 - 0x00007ff8b6de3000 	C:\Windows\SYSTEM32\WINMM.dll
0x00007ff8a84a0000 - 0x00007ff8a84a9000 	C:\Windows\SYSTEM32\WSOCK32.dll
0x00007ff8bac10000 - 0x00007ff8bac7a000 	C:\Windows\System32\WS2_32.dll
0x00007ff8b6d60000 - 0x00007ff8b6d8b000 	C:\Windows\SYSTEM32\WINMMBASE.dll
0x000000005dce0000 - 0x000000005dcef000 	C:\Program Files\Java\jdk1.8.0_111\jre\bin\verify.dll
0x000000005dcb0000 - 0x000000005dcd9000 	C:\Program Files\Java\jdk1.8.0_111\jre\bin\java.dll
0x000000005dc90000 - 0x000000005dca6000 	C:\Program Files\Java\jdk1.8.0_111\jre\bin\zip.dll

VM Arguments:
jvm_args: -Dfile.encoding=UTF-8 
java_command: queueclient.LoginPanel
java_class_path (initial): C:\Program Files\NetBeans 8.2\enterprise\modules\ext\jaxrs-2.0\javax.ws.rs-api-2.0.jar;C:\Program Files\NetBeans 8.2\enterprise\modules\ext\jersey2\ext\asm-all-repackaged-2.2.0-b21.jar;C:\Program Files\NetBeans 8.2\enterprise\modules\ext\jersey2\ext\cglib-2.2.0-b21.jar;C:\Program Files\NetBeans 8.2\enterprise\modules\ext\jersey2\ext\guava-14.0.1.jar;C:\Program Files\NetBeans 8.2\enterprise\modules\ext\jersey2\ext\hk2-api-2.2.0-b21.jar;C:\Program Files\NetBeans 8.2\enterprise\modules\ext\jersey2\ext\hk2-locator-2.2.0-b21.jar;C:\Program Files\NetBeans 8.2\enterprise\modules\ext\jersey2\ext\hk2-utils-2.2.0-b21.jar;C:\Program Files\NetBeans 8.2\enterprise\modules\ext\jersey2\ext\javax.annotation-api-1.2.jar;C:\Program Files\NetBeans 8.2\enterprise\modules\ext\jersey2\ext\javax.inject-2.2.0-b21.jar;C:\Program Files\NetBeans 8.2\enterprise\modules\ext\jersey2\ext\javax.servlet-api-3.0.1.jar;C:\Program Files\NetBeans 8.2\enterprise\modules\ext\jersey2\ext\jaxb-api-2.2.7.jar;C:\Program Files\NetBeans 8.2\enterprise\modules\ext\jersey2\ext\jersey-entity-filtering-2.5.1.jar;C:\Program Files\NetBeans 8.2\enterprise\modules\ext\jersey2\ext\jersey-media-moxy-2.5.1.jar;C:\Program Files\NetBeans 8.2\enterprise\modules\ext\jersey2\ext\org.osgi.core-4.2.0.jar;C:\Program Files\NetBeans 8.2\enterprise\modules\ext\jersey2\ext\osgi-resource-locator-1.0.1.jar;C:\Program Files\NetBeans 8.2\enterprise\modules\ext\jersey2\ext\persistence-api-1.0.jar;C:\Program Files\NetBeans 8.2\enterprise\modules\ext\jersey2\ext\validation-api-1.1.0.Final.jar;C:\Program Files\NetBeans 8.2\enterprise\modules\ext\jersey2\jersey-client.jar;C:\Program Files\NetBeans 8.2\enterprise\modules\ext\jersey2\jersey-common.jar;C:\Program Files\NetBeans 8.2\enterprise\modules\ext\jersey2\jersey-container-servlet.jar;C:\Program Files\NetBeans 8.2\enterprise\modules\ext\jersey2\jersey-container-servlet-core.jar;C:\Program Files\NetBeans 8.2\enterprise\modules\ext\jersey2\jersey-server.jar;C:\P
Launcher Type: SUN_STANDARD

Environment Variables:
PATH=C:\ProgramData\Oracle\Java\javapath;C:\Windows\system32;C:\Windows;C:\Windows\System32\Wbem;C:\Windows\System32\WindowsPowerShell\v1.0\;C:\Program Files (x86)\NoteBook FanControl\;C:\Program Files (x86)\NVIDIA Corporation\PhysX\Common;C:\Users\alber\AppData\Local\Microsoft\WindowsApps;
USERNAME=alber
OS=Windows_NT
PROCESSOR_IDENTIFIER=Intel64 Family 6 Model 42 Stepping 7, GenuineIntel



---------------  S Y S T E M  ---------------

OS: Windows 10.0 , 64 bit Build 14393 (10.0.14393.1198)

CPU:total 4 (2 cores per cpu, 2 threads per core) family 6 model 42 stepping 7, cmov, cx8, fxsr, mmx, sse, sse2, sse3, ssse3, sse4.1, sse4.2, popcnt, avx, aes, clmul, ht, tsc, tscinvbit

Memory: 4k page, physical 8195260k(1688212k free), swap 10292412k(5716k free)

vm_info: Java HotSpot(TM) 64-Bit Server VM (25.111-b14) for windows-amd64 JRE (1.8.0_111-b14), built on Sep 22 2016 19:24:05 by "java_re" with MS VC++ 10.0 (VS2010)

time: Tue Jun 20 01:37:22 2017
elapsed time: 0 seconds (0d 0h 0m 0s)

